0 info it worked if it ends with ok
1 verbose cli [ 'D:\\web\\node.exe',
1 verbose cli   'C:\\Users\\Administrator\\AppData\\Roaming\\npm\\node_modules\\npm\\bin\\npm-cli.js',
1 verbose cli   'run',
1 verbose cli   'dev' ]
2 info using npm@3.10.6
3 info using node@v5.7.1
4 verbose run-script [ 'predev', 'dev', 'postdev' ]
5 info lifecycle static-server@1.0.0~predev: static-server@1.0.0
6 silly lifecycle static-server@1.0.0~predev: no script for predev, continuing
7 info lifecycle static-server@1.0.0~dev: static-server@1.0.0
8 verbose lifecycle static-server@1.0.0~dev: unsafe-perm in lifecycle true
9 verbose lifecycle static-server@1.0.0~dev: PATH: C:\Users\Administrator\AppData\Roaming\npm\node_modules\npm\bin\node-gyp-bin;D:\xiangmu\static-server\node_modules\.bin;C:\Users\Administrator\AppData\Roaming\npm;D:\web\;C:\ProgramData\Oracle\Java\javapath;C:\Program Files (x86)\Intel\iCLS Client\;C:\Program Files\Intel\iCLS Client\;C:\Windows\system32;C:\Windows;C:\Windows\System32\Wbem;C:\Windows\System32\WindowsPowerShell\v1.0\;C:\Program Files (x86)\AMD\ATI.ACE\Core-Static;C:\Program Files\Intel\WiFi\bin\;C:\Program Files\Common Files\Intel\WirelessCommon\;C:\Program Files\Intel\Intel(R) Management Engine Components\DAL;C:\Program Files (x86)\Intel\Intel(R) Management Engine Components\DAL;C:\Program Files\Intel\Intel(R) Management Engine Components\IPT;C:\Program Files (x86)\Intel\Intel(R) Management Engine Components\IPTs;C:\Program Files\Java\jdk1.8.0_101\bin;C:\Program Files\Java\jdk1.8.0_101\jre\bin;%M2_HOME%\bin;C:\Program Files\Java\apache-maven-3.3.9\bin;C:\Users\Administrator\AppData\Local\atom\app-1.9.9\resources\app\apm\bin;C:\Users\Administrator\AppData\Roaming\npm;D:\web\;C:\Program Files\Intel\WiFi\bin\;C:\Program Files\Common Files\Intel\WirelessCommon\;C:\Users\Administrator\AppData\Roaming\npm
10 verbose lifecycle static-server@1.0.0~dev: CWD: D:\xiangmu\static-server
11 silly lifecycle static-server@1.0.0~dev: Args: [ '/d /s /c', 'babel-node koa.js' ]
12 silly lifecycle static-server@1.0.0~dev: Returned: code: 1  signal: null
13 info lifecycle static-server@1.0.0~dev: Failed to exec dev script
14 verbose stack Error: static-server@1.0.0 dev: `babel-node koa.js`
14 verbose stack Exit status 1
14 verbose stack     at EventEmitter.<anonymous> (C:\Users\Administrator\AppData\Roaming\npm\node_modules\npm\lib\utils\lifecycle.js:255:16)
14 verbose stack     at emitTwo (events.js:100:13)
14 verbose stack     at EventEmitter.emit (events.js:185:7)
14 verbose stack     at ChildProcess.<anonymous> (C:\Users\Administrator\AppData\Roaming\npm\node_modules\npm\lib\utils\spawn.js:40:14)
14 verbose stack     at emitTwo (events.js:100:13)
14 verbose stack     at ChildProcess.emit (events.js:185:7)
14 verbose stack     at maybeClose (internal/child_process.js:827:16)
14 verbose stack     at Process.ChildProcess._handle.onexit (internal/child_process.js:211:5)
15 verbose pkgid static-server@1.0.0
16 verbose cwd D:\xiangmu\static-server
17 error Windows_NT 6.1.7601
18 error argv "D:\\web\\node.exe" "C:\\Users\\Administrator\\AppData\\Roaming\\npm\\node_modules\\npm\\bin\\npm-cli.js" "run" "dev"
19 error node v5.7.1
20 error npm  v3.10.6
21 error code ELIFECYCLE
22 error static-server@1.0.0 dev: `babel-node koa.js`
22 error Exit status 1
23 error Failed at the static-server@1.0.0 dev script 'babel-node koa.js'.
23 error Make sure you have the latest version of node.js and npm installed.
23 error If you do, this is most likely a problem with the static-server package,
23 error not with npm itself.
23 error Tell the author that this fails on your system:
23 error     babel-node koa.js
23 error You can get information on how to open an issue for this project with:
23 error     npm bugs static-server
23 error Or if that isn't available, you can get their info via:
23 error     npm owner ls static-server
23 error There is likely additional logging output above.
24 verbose exit [ 1, true ]
